Command line:
   AVRRegisters_isim_beh.exe
     -simmode  gui
     -simrunnum  0
     -socket  51062

Thu Jan 29 23:04:06 2015


 Elaboration Time: 0.15625 sec

 Current Memory Usage: 359.477 Meg

 Total Signals          : 9
 Total Nets             : 297
 Total Signal Drivers   : 3
 Total Blocks           : 5
 Total Primitive Blocks : 5
 Total Processes        : 3
 Total Traceable Variables  : 148
 Total Scalar Nets and Variables : 2389
Total Line Count : 4
Total Line Count : 4
Total Line Count : 4

 Total Simulation Time: 0.3125 sec

 Current Memory Usage: 674.066 Meg

Thu Jan 29 23:04:44 2015

