ISim log file
Running: C:\Users\Albert\Documents\GitHub\AVR-Processor\src\AVR\REG_TEST_TB_isim_beh.exe -intstyle ise -gui -tclbatch isim.cmd -wdb C:/Users/Albert/Documents/GitHub/AVR-Processor/src/AVR/REG_TEST_TB_isim_beh.wdb 
ISim P.20131013 (signature 0x7708f090)
WARNING: A WEBPACK license was found.
WARNING: Please use Xilinx License Configuration Manager to check out a full ISim license.
WARNING: ISim will run in Lite mode. Please refer to the ISim documentation for more information on the differences between the Lite and the Full version.
This is a Lite version of ISim.
Time resolution is 1 ps
# onerror resume
# wave add /
# run 1000 ns
Simulator is doing circuit initialization process.
at 0 ps, Instance /reg_test_tb/UUT/Registers/ : Warning: NUMERIC_STD.TO_INTEGER: metavalue detected, returning 0
at 0 ps, Instance /reg_test_tb/UUT/Registers/ : Warning: NUMERIC_STD.TO_INTEGER: metavalue detected, returning 0
Finished circuit initialization process.
at 10 ns(1), Instance /reg_test_tb/UUT/Registers/ : Warning: NUMERIC_STD.TO_INTEGER: metavalue detected, returning 0
at 675 ns: Error: Assertion violation
at 675 ns: Error: Assertion violation
at 695 ns: Error: Assertion violation
at 695 ns: Error: Assertion violation
at 715 ns: Error: Assertion violation
# restart
# run all
Simulator is doing circuit initialization process.
at 0 ps, Instance /reg_test_tb/UUT/Registers/ : Warning: NUMERIC_STD.TO_INTEGER: metavalue detected, returning 0
at 0 ps, Instance /reg_test_tb/UUT/Registers/ : Warning: NUMERIC_STD.TO_INTEGER: metavalue detected, returning 0
Finished circuit initialization process.
at 10 ns(1), Instance /reg_test_tb/UUT/Registers/ : Warning: NUMERIC_STD.TO_INTEGER: metavalue detected, returning 0
at 675 ns: Error: Assertion violation
at 675 ns: Error: Assertion violation
at 695 ns: Error: Assertion violation
at 695 ns: Error: Assertion violation
at 715 ns: Error: Assertion violation
